#! /usr/bin/vvp
:ivl_version "12.0 (stable)";
:ivl_delay_selection "TYPICAL";
:vpi_time_precision - 12;
:vpi_module "/usr/lib/x86_64-linux-gnu/ivl/system.vpi";
:vpi_module "/usr/lib/x86_64-linux-gnu/ivl/vhdl_sys.vpi";
:vpi_module "/usr/lib/x86_64-linux-gnu/ivl/vhdl_textio.vpi";
:vpi_module "/usr/lib/x86_64-linux-gnu/ivl/v2005_math.vpi";
:vpi_module "/usr/lib/x86_64-linux-gnu/ivl/va_math.vpi";
:vpi_module "/usr/lib/x86_64-linux-gnu/ivl/v2009.vpi";
S_0x5ca567131490 .scope package, "$unit" "$unit" 2 1;
 .timescale 0 0;
S_0x5ca567131620 .scope module, "tb" "tb" 3 3;
 .timescale -9 -12;
P_0x5ca567193650 .param/l "CLKS_PER_BIT" 0 3 16, +C4<00000000000000000000000001100100>;
v0x5ca5671e9af0_0 .var "clk", 0 0;
v0x5ca5671e9bb0_0 .var "data_in", 0 0;
v0x5ca5671e9c70_0 .net "data_out", 0 0, v0x5ca5671e7950_0;  1 drivers
v0x5ca5671e9d60_0 .var "debug_start", 0 0;
v0x5ca5671e9e00_0 .var "rst", 0 0;
v0x5ca5671e9f40_0 .net "tb_sync_almost_full", 0 0, L_0x5ca5671fb420;  1 drivers
v0x5ca5671ea030_0 .net "tb_sync_full", 0 0, L_0x5ca5671fbaf0;  1 drivers
v0x5ca5671ea120_0 .net "tb_sync_half_full", 0 0, L_0x5ca5671faf00;  1 drivers
v0x5ca5671ea210_0 .net "tb_sync_prog_full", 0 0, L_0x5ca5671fb1d0;  1 drivers
S_0x5ca56719b980 .scope module, "DUT" "top" 3 18, 4 1 0, S_0x5ca567131620;
 .timescale 0 0;
    .port_info 0 /INPUT 1 "clk";
    .port_info 1 /INPUT 1 "rst";
    .port_info 2 /INPUT 1 "data_in";
    .port_info 3 /INPUT 1 "debug_start";
    .port_info 4 /OUTPUT 1 "data_out";
    .port_info 5 /OUTPUT 1 "sync_full";
    .port_info 6 /OUTPUT 1 "sync_half_full";
    .port_info 7 /OUTPUT 1 "sync_prog_full";
    .port_info 8 /OUTPUT 1 "sync_almost_full";
P_0x5ca56719bb10 .param/l "TB_DATA_WIDTH" 0 4 18, +C4<00000000000000000000000000001000>;
P_0x5ca56719bb50 .param/l "TB_DEPTH" 0 4 17, +C4<00000000000000000000000000001000>;
P_0x5ca56719bb90 .param/l "TB_MODE" 0 4 21, +C4<00000000000000000000000000000001>;
P_0x5ca56719bbd0 .param/l "TB_PROG_EMPTY_VALUE" 0 4 19, +C4<000000000000000000000000000000101>;
P_0x5ca56719bc10 .param/l "TB_PROG_FULL_VALUE" 0 4 20, +C4<000000000000000000000000000000011>;
L_0x5ca5671fb2c0 .functor AND 1, L_0x5ca5671fbdc0, L_0x5ca5671fbe60, C4<1>, C4<1>;
L_0x5ca5671ac730 .functor AND 1, L_0x5ca5671fb2c0, L_0x5ca5671fbff0, C4<1>, C4<1>;
L_0x5ca5671ad740 .functor AND 1, L_0x5ca5671ac730, v0x5ca5671e8a70_0, C4<1>, C4<1>;
v0x5ca5671e7fb0_0 .net *"_ivl_1", 0 0, L_0x5ca5671fbdc0;  1 drivers
v0x5ca5671e8090_0 .net *"_ivl_3", 0 0, L_0x5ca5671fbe60;  1 drivers
v0x5ca5671e8150_0 .net *"_ivl_5", 0 0, L_0x5ca5671fb2c0;  1 drivers
v0x5ca5671e81f0_0 .net *"_ivl_7", 0 0, L_0x5ca5671fbff0;  1 drivers
v0x5ca5671e82b0_0 .net *"_ivl_9", 0 0, L_0x5ca5671ac730;  1 drivers
v0x5ca5671e8370_0 .net "byte_done", 0 0, L_0x5ca5671668b0;  1 drivers
v0x5ca5671e8460_0 .net "clk", 0 0, v0x5ca5671e9af0_0;  1 drivers
v0x5ca5671e8500_0 .net "data_in", 0 0, v0x5ca5671e9bb0_0;  1 drivers
v0x5ca5671e85a0_0 .net "data_out", 0 0, v0x5ca5671e7950_0;  alias, 1 drivers
v0x5ca5671e86d0_0 .net "debug_start", 0 0, v0x5ca5671e9d60_0;  1 drivers
v0x5ca5671e8770_0 .net "fifo_data_out", 7 0, v0x5ca5671d4c40_0;  1 drivers
v0x5ca5671e8810_0 .net "rst", 0 0, v0x5ca5671e9e00_0;  1 drivers
v0x5ca5671e88b0_0 .net "rst_busy", 0 0, L_0x5ca5671fbcd0;  1 drivers
v0x5ca5671e8980_0 .net "rx_data", 7 0, L_0x5ca5671a2dd0;  1 drivers
v0x5ca5671e8a70_0 .var "start", 0 0;
v0x5ca5671e8b10_0 .net "sync_almost_empty", 0 0, L_0x5ca5671fa8e0;  1 drivers
v0x5ca5671e8bb0_0 .net "sync_almost_full", 0 0, L_0x5ca5671fb420;  alias, 1 drivers
v0x5ca5671e8c80_0 .net "sync_data_count", 3 0, v0x5ca5671d4a80_0;  1 drivers
v0x5ca5671e8d50_0 .net "sync_empty", 0 0, L_0x5ca5671fa630;  1 drivers
v0x5ca5671e8e20_0 .net "sync_full", 0 0, L_0x5ca5671fbaf0;  alias, 1 drivers
v0x5ca5671e8ef0_0 .net "sync_half_empty", 0 0, L_0x5ca5671fb7e0;  1 drivers
v0x5ca5671e8fc0_0 .net "sync_half_full", 0 0, L_0x5ca5671faf00;  alias, 1 drivers
v0x5ca5671e9090_0 .net "sync_overflow", 0 0, v0x5ca5671e5320_0;  1 drivers
v0x5ca5671e9160_0 .net "sync_prog_empty", 0 0, L_0x5ca5671fac30;  1 drivers
v0x5ca5671e9230_0 .net "sync_prog_full", 0 0, L_0x5ca5671fb1d0;  alias, 1 drivers
v0x5ca5671e9300_0 .net "sync_rd_valid", 0 0, v0x5ca5671e57e0_0;  1 drivers
v0x5ca5671e93d0_0 .net "sync_ren", 0 0, L_0x5ca5671ad740;  1 drivers
v0x5ca5671e94c0_0 .net "sync_underflow", 0 0, v0x5ca5671e5a20_0;  1 drivers
v0x5ca5671e9560_0 .net "sync_wr_ack", 0 0, v0x5ca5671e5d60_0;  1 drivers
v0x5ca5671e9630_0 .net "tx_active", 0 0, v0x5ca5671e7c90_0;  1 drivers
v0x5ca5671e9700_0 .net "tx_done", 0 0, v0x5ca5671e7e30_0;  1 drivers
E_0x5ca567186550/0 .event negedge, v0x5ca5671e58a0_0;
E_0x5ca567186550/1 .event posedge, v0x5ca5671d49c0_0;
E_0x5ca567186550 .event/or E_0x5ca567186550/0, E_0x5ca567186550/1;
L_0x5ca5671fbdc0 .reduce/nor L_0x5ca5671fa630;
L_0x5ca5671fbe60 .reduce/nor v0x5ca5671e7c90_0;
L_0x5ca5671fbff0 .reduce/nor v0x5ca5671e7e30_0;
S_0x5ca56717bca0 .scope module, "fifo_inst" "sync_fifo" 4 46, 5 1 0, S_0x5ca56719b980;
 .timescale 0 0;
    .port_info 0 /INPUT 1 "clk";
    .port_info 1 /INPUT 1 "rst";
    .port_info 2 /INPUT 1 "r_en";
    .port_info 3 /INPUT 1 "w_en";
    .port_info 4 /INPUT 8 "data_in";
    .port_info 5 /OUTPUT 8 "data_out";
    .port_info 6 /OUTPUT 1 "full";
    .port_info 7 /OUTPUT 1 "empty";
    .port_info 8 /OUTPUT 1 "rst_busy";
    .port_info 9 /OUTPUT 1 "half_full";
    .port_info 10 /OUTPUT 1 "half_empty";
    .port_info 11 /OUTPUT 4 "data_count";
    .port_info 12 /OUTPUT 1 "almost_full";
    .port_info 13 /OUTPUT 1 "almost_empty";
    .port_info 14 /OUTPUT 1 "prog_full";
    .port_info 15 /OUTPUT 1 "prog_empty";
    .port_info 16 /OUTPUT 1 "overflow";
    .port_info 17 /OUTPUT 1 "underflow";
    .port_info 18 /OUTPUT 1 "wr_ack";
    .port_info 19 /OUTPUT 1 "rd_valid";
P_0x5ca56717be80 .param/l "DATA_WIDTH" 0 5 1, +C4<00000000000000000000000000001000>;
P_0x5ca56717bec0 .param/l "DEPTH" 0 5 1, +C4<00000000000000000000000000001000>;
P_0x5ca56717bf00 .param/l "MODE" 0 5 1, +C4<00000000000000000000000000000001>;
P_0x5ca56717bf40 .param/l "PROG_EMPTY_VALUE" 0 5 1, +C4<000000000000000000000000000000101>;
P_0x5ca56717bf80 .param/l "PROG_FULL_VALUE" 0 5 1, +C4<000000000000000000000000000000011>;
P_0x5ca56717bfc0 .param/l "PTR_WIDTH" 1 5 29, +C4<00000000000000000000000000000011>;
v0x5ca5671b5b50_0 .net *"_ivl_12", 31 0, L_0x5ca5671fa7f0;  1 drivers
L_0x7cfbfd2ce0a8 .functor BUFT 1, C4<0000000000000000000000000000>, C4<0>, C4<0>, C4<0>;
v0x5ca5671669d0_0 .net *"_ivl_15", 27 0, L_0x7cfbfd2ce0a8;  1 drivers
L_0x7cfbfd2ce0f0 .functor BUFT 1, C4<00000000000000000000000000000001>, C4<0>, C4<0>, C4<0>;
v0x5ca5671a2ef0_0 .net/2u *"_ivl_16", 31 0, L_0x7cfbfd2ce0f0;  1 drivers
v0x5ca5671ac890_0 .net *"_ivl_20", 32 0, L_0x5ca5671faab0;  1 drivers
L_0x7cfbfd2ce138 .functor BUFT 1, C4<00000000000000000000000000000>, C4<0>, C4<0>, C4<0>;
v0x5ca5671ad8a0_0 .net *"_ivl_23", 28 0, L_0x7cfbfd2ce138;  1 drivers
L_0x7cfbfd2ce180 .functor BUFT 1, C4<000000000000000000000000000000101>, C4<0>, C4<0>, C4<0>;
v0x5ca5671ae5b0_0 .net/2u *"_ivl_24", 32 0, L_0x7cfbfd2ce180;  1 drivers
v0x5ca5671aee70_0 .net *"_ivl_28", 31 0, L_0x5ca5671fae10;  1 drivers
L_0x7cfbfd2ce1c8 .functor BUFT 1, C4<0000000000000000000000000000>, C4<0>, C4<0>, C4<0>;
v0x5ca5671d3960_0 .net *"_ivl_31", 27 0, L_0x7cfbfd2ce1c8;  1 drivers
L_0x7cfbfd2ce210 .functor BUFT 1, C4<00000000000000000000000000000100>, C4<0>, C4<0>, C4<0>;
v0x5ca5671d3a40_0 .net/2u *"_ivl_32", 31 0, L_0x7cfbfd2ce210;  1 drivers
v0x5ca5671d3b20_0 .net *"_ivl_36", 32 0, L_0x5ca5671fb0a0;  1 drivers
L_0x7cfbfd2ce258 .functor BUFT 1, C4<00000000000000000000000000000>, C4<0>, C4<0>, C4<0>;
v0x5ca5671d3c00_0 .net *"_ivl_39", 28 0, L_0x7cfbfd2ce258;  1 drivers
v0x5ca5671d3ce0_0 .net *"_ivl_4", 31 0, L_0x5ca5671ea480;  1 drivers
L_0x7cfbfd2ce2a0 .functor BUFT 1, C4<000000000000000000000000000000011>, C4<0>, C4<0>, C4<0>;
v0x5ca5671d3dc0_0 .net/2u *"_ivl_40", 32 0, L_0x7cfbfd2ce2a0;  1 drivers
v0x5ca5671d3ea0_0 .net *"_ivl_44", 31 0, L_0x5ca5671fb330;  1 drivers
L_0x7cfbfd2ce2e8 .functor BUFT 1, C4<0000000000000000000000000000>, C4<0>, C4<0>, C4<0>;
v0x5ca5671d3f80_0 .net *"_ivl_47", 27 0, L_0x7cfbfd2ce2e8;  1 drivers
L_0x7cfbfd2ce330 .functor BUFT 1, C4<00000000000000000000000000000111>, C4<0>, C4<0>, C4<0>;
v0x5ca5671d4060_0 .net/2u *"_ivl_48", 31 0, L_0x7cfbfd2ce330;  1 drivers
v0x5ca5671d4140_0 .net *"_ivl_52", 31 0, L_0x5ca5671fb5e0;  1 drivers
L_0x7cfbfd2ce378 .functor BUFT 1, C4<0000000000000000000000000000>, C4<0>, C4<0>, C4<0>;
v0x5ca5671d4220_0 .net *"_ivl_55", 27 0, L_0x7cfbfd2ce378;  1 drivers
L_0x7cfbfd2ce3c0 .functor BUFT 1, C4<00000000000000000000000000000100>, C4<0>, C4<0>, C4<0>;
v0x5ca5671d4300_0 .net/2u *"_ivl_56", 31 0, L_0x7cfbfd2ce3c0;  1 drivers
v0x5ca5671d43e0_0 .net *"_ivl_60", 31 0, L_0x5ca5671fba00;  1 drivers
L_0x7cfbfd2ce408 .functor BUFT 1, C4<0000000000000000000000000000>, C4<0>, C4<0>, C4<0>;
v0x5ca5671d44c0_0 .net *"_ivl_63", 27 0, L_0x7cfbfd2ce408;  1 drivers
L_0x7cfbfd2ce450 .functor BUFT 1, C4<00000000000000000000000000001000>, C4<0>, C4<0>, C4<0>;
v0x5ca5671d45a0_0 .net/2u *"_ivl_64", 31 0, L_0x7cfbfd2ce450;  1 drivers
L_0x7cfbfd2ce018 .functor BUFT 1, C4<0000000000000000000000000000>, C4<0>, C4<0>, C4<0>;
v0x5ca5671d4680_0 .net *"_ivl_7", 27 0, L_0x7cfbfd2ce018;  1 drivers
L_0x7cfbfd2ce060 .functor BUFT 1, C4<00000000000000000000000000000000>, C4<0>, C4<0>, C4<0>;
v0x5ca5671d4760_0 .net/2u *"_ivl_8", 31 0, L_0x7cfbfd2ce060;  1 drivers
v0x5ca5671d4840_0 .net "almost_empty", 0 0, L_0x5ca5671fa8e0;  alias, 1 drivers
v0x5ca5671d4900_0 .net "almost_full", 0 0, L_0x5ca5671fb420;  alias, 1 drivers
v0x5ca5671d49c0_0 .net "clk", 0 0, v0x5ca5671e9af0_0;  alias, 1 drivers
v0x5ca5671d4a80_0 .var "data_count", 3 0;
v0x5ca5671d4b60_0 .net "data_in", 7 0, L_0x5ca5671a2dd0;  alias, 1 drivers
v0x5ca5671d4c40_0 .var "data_out", 7 0;
v0x5ca5671d4d20_0 .net "empty", 0 0, L_0x5ca5671fa630;  alias, 1 drivers
v0x5ca5671d4de0_0 .net "full", 0 0, L_0x5ca5671fbaf0;  alias, 1 drivers
v0x5ca5671d4ea0_0 .net "half_empty", 0 0, L_0x5ca5671fb7e0;  alias, 1 drivers
v0x5ca5671d5170_0 .net "half_full", 0 0, L_0x5ca5671faf00;  alias, 1 drivers
v0x5ca5671d5230 .array "mem", 7 0, 7 0;
v0x5ca5671e5320_0 .var "overflow", 0 0;
v0x5ca5671e53e0_0 .net "prog_empty", 0 0, L_0x5ca5671fac30;  alias, 1 drivers
v0x5ca5671e54a0_0 .net "prog_full", 0 0, L_0x5ca5671fb1d0;  alias, 1 drivers
v0x5ca5671e5560_0 .net "r_addr", 2 0, L_0x5ca5671ea3e0;  1 drivers
v0x5ca5671e5640_0 .net "r_en", 0 0, L_0x5ca5671ad740;  alias, 1 drivers
v0x5ca5671e5700_0 .var "r_ptr", 3 0;
v0x5ca5671e57e0_0 .var "rd_valid", 0 0;
v0x5ca5671e58a0_0 .net "rst", 0 0, v0x5ca5671e9e00_0;  alias, 1 drivers
v0x5ca5671e5960_0 .net "rst_busy", 0 0, L_0x5ca5671fbcd0;  alias, 1 drivers
v0x5ca5671e5a20_0 .var "underflow", 0 0;
v0x5ca5671e5ae0_0 .net "w_addr", 2 0, L_0x5ca5671ea340;  1 drivers
v0x5ca5671e5bc0_0 .net "w_en", 0 0, L_0x5ca5671668b0;  alias, 1 drivers
v0x5ca5671e5c80_0 .var "w_ptr", 3 0;
v0x5ca5671e5d60_0 .var "wr_ack", 0 0;
E_0x5ca567186190 .event posedge, v0x5ca5671d49c0_0;
L_0x5ca5671ea340 .part v0x5ca5671e5c80_0, 0, 3;
L_0x5ca5671ea3e0 .part v0x5ca5671e5700_0, 0, 3;
L_0x5ca5671ea480 .concat [ 4 28 0 0], v0x5ca5671d4a80_0, L_0x7cfbfd2ce018;
L_0x5ca5671fa630 .cmp/eq 32, L_0x5ca5671ea480, L_0x7cfbfd2ce060;
L_0x5ca5671fa7f0 .concat [ 4 28 0 0], v0x5ca5671d4a80_0, L_0x7cfbfd2ce0a8;
L_0x5ca5671fa8e0 .cmp/ge 32, L_0x7cfbfd2ce0f0, L_0x5ca5671fa7f0;
L_0x5ca5671faab0 .concat [ 4 29 0 0], v0x5ca5671d4a80_0, L_0x7cfbfd2ce138;
L_0x5ca5671fac30 .cmp/ge 33, L_0x7cfbfd2ce180, L_0x5ca5671faab0;
L_0x5ca5671fae10 .concat [ 4 28 0 0], v0x5ca5671d4a80_0, L_0x7cfbfd2ce1c8;
L_0x5ca5671faf00 .cmp/ge 32, L_0x5ca5671fae10, L_0x7cfbfd2ce210;
L_0x5ca5671fb0a0 .concat [ 4 29 0 0], v0x5ca5671d4a80_0, L_0x7cfbfd2ce258;
L_0x5ca5671fb1d0 .cmp/ge 33, L_0x5ca5671fb0a0, L_0x7cfbfd2ce2a0;
L_0x5ca5671fb330 .concat [ 4 28 0 0], v0x5ca5671d4a80_0, L_0x7cfbfd2ce2e8;
L_0x5ca5671fb420 .cmp/ge 32, L_0x5ca5671fb330, L_0x7cfbfd2ce330;
L_0x5ca5671fb5e0 .concat [ 4 28 0 0], v0x5ca5671d4a80_0, L_0x7cfbfd2ce378;
L_0x5ca5671fb7e0 .cmp/ge 32, L_0x7cfbfd2ce3c0, L_0x5ca5671fb5e0;
L_0x5ca5671fba00 .concat [ 4 28 0 0], v0x5ca5671d4a80_0, L_0x7cfbfd2ce408;
L_0x5ca5671fbaf0 .cmp/eq 32, L_0x5ca5671fba00, L_0x7cfbfd2ce450;
L_0x5ca5671fbcd0 .reduce/nor v0x5ca5671e9e00_0;
S_0x5ca5671e60a0 .scope module, "uart_rx_inst" "rx" 4 23, 6 3 0, S_0x5ca56719b980;
 .timescale 0 0;
    .port_info 0 /INPUT 1 "i_Clock";
    .port_info 1 /INPUT 1 "i_Rx_Serial";
    .port_info 2 /OUTPUT 1 "o_Rx_DV";
    .port_info 3 /OUTPUT 8 "o_Rx_Byte";
P_0x5ca5671e6250 .param/l "s_CLEANUP" 0 6 14, C4<100>;
P_0x5ca5671e6290 .param/l "s_IDLE" 0 6 10, C4<000>;
P_0x5ca5671e62d0 .param/l "s_RX_DATA_BITS" 0 6 12, C4<010>;
P_0x5ca5671e6310 .param/l "s_RX_START_BIT" 0 6 11, C4<001>;
P_0x5ca5671e6350 .param/l "s_RX_STOP_BIT" 0 6 13, C4<011>;
L_0x5ca5671668b0 .functor BUFZ 1, v0x5ca5671e6bc0_0, C4<0>, C4<0>, C4<0>;
L_0x5ca5671a2dd0 .functor BUFZ 8, v0x5ca5671e6ae0_0, C4<00000000>, C4<00000000>, C4<00000000>;
v0x5ca5671e65d0_0 .net "i_Clock", 0 0, v0x5ca5671e9af0_0;  alias, 1 drivers
v0x5ca5671e66a0_0 .net "i_Rx_Serial", 0 0, v0x5ca5671e9bb0_0;  alias, 1 drivers
v0x5ca5671e6740_0 .net "o_Rx_Byte", 7 0, L_0x5ca5671a2dd0;  alias, 1 drivers
v0x5ca5671e6840_0 .net "o_Rx_DV", 0 0, L_0x5ca5671668b0;  alias, 1 drivers
v0x5ca5671e6910_0 .var "r_Bit_Index", 2 0;
v0x5ca5671e6a00_0 .var "r_Clock_Count", 14 0;
v0x5ca5671e6ae0_0 .var "r_Rx_Byte", 7 0;
v0x5ca5671e6bc0_0 .var "r_Rx_DV", 0 0;
v0x5ca5671e6c80_0 .var "r_Rx_Data", 0 0;
v0x5ca5671e6d40_0 .var "r_Rx_Data_R", 0 0;
v0x5ca5671e6e00_0 .var "r_SM_Main", 2 0;
S_0x5ca5671e6f60 .scope module, "uart_tx_inst" "uart_tx" 4 91, 7 3 0, S_0x5ca56719b980;
 .timescale 0 0;
    .port_info 0 /INPUT 1 "i_Clock";
    .port_info 1 /INPUT 1 "i_Tx_DV";
    .port_info 2 /INPUT 8 "i_Tx_Byte";
    .port_info 3 /OUTPUT 1 "o_Tx_Active";
    .port_info 4 /OUTPUT 1 "o_Tx_Serial";
    .port_info 5 /OUTPUT 1 "o_Tx_Done";
P_0x5ca5671e70f0 .param/l "s_CLEANUP" 0 7 17, C4<100>;
P_0x5ca5671e7130 .param/l "s_IDLE" 0 7 13, C4<000>;
P_0x5ca5671e7170 .param/l "s_TX_DATA_BITS" 0 7 15, C4<010>;
P_0x5ca5671e71b0 .param/l "s_TX_START_BIT" 0 7 14, C4<001>;
P_0x5ca5671e71f0 .param/l "s_TX_STOP_BIT" 0 7 16, C4<011>;
v0x5ca5671e7510_0 .net "i_Clock", 0 0, v0x5ca5671e9af0_0;  alias, 1 drivers
v0x5ca5671e7600_0 .net "i_Tx_Byte", 7 0, v0x5ca5671d4c40_0;  alias, 1 drivers
v0x5ca5671e76c0_0 .net "i_Tx_DV", 0 0, L_0x5ca5671ad740;  alias, 1 drivers
v0x5ca5671e77c0_0 .net "o_Tx_Active", 0 0, v0x5ca5671e7c90_0;  alias, 1 drivers
v0x5ca5671e7860_0 .net "o_Tx_Done", 0 0, v0x5ca5671e7e30_0;  alias, 1 drivers
v0x5ca5671e7950_0 .var "o_Tx_Serial", 0 0;
v0x5ca5671e79f0_0 .var "r_Bit_Index", 2 0;
v0x5ca5671e7ad0_0 .var "r_Clock_Count", 14 0;
v0x5ca5671e7bb0_0 .var "r_SM_Main", 2 0;
v0x5ca5671e7c90_0 .var "r_Tx_Active", 0 0;
v0x5ca5671e7d50_0 .var "r_Tx_Data", 7 0;
v0x5ca5671e7e30_0 .var "r_Tx_Done", 0 0;
S_0x5ca5671e9820 .scope task, "send_byte" "send_byte" 3 58, 3 58 0, S_0x5ca567131620;
 .timescale -9 -12;
v0x5ca5671e99b0_0 .var "data", 7 0;
v0x5ca5671e9a50_0 .var/i "i", 31 0;
TD_tb.send_byte ;
    %pushi/vec4 0, 0, 1;
    %store/vec4 v0x5ca5671e9bb0_0, 0, 1;
    %pushi/vec4 100, 0, 32;
T_0.0 %dup/vec4;
    %pushi/vec4 0, 0, 32;
    %cmp/s;
    %jmp/1xz T_0.1, 5;
    %jmp/1 T_0.1, 4;
    %pushi/vec4 1, 0, 32;
    %sub;
    %wait E_0x5ca567186190;
    %jmp T_0.0;
T_0.1 ;
    %pop/vec4 1;
    %pushi/vec4 0, 0, 32;
    %store/vec4 v0x5ca5671e9a50_0, 0, 32;
T_0.2 ;
    %load/vec4 v0x5ca5671e9a50_0;
    %cmpi/s 8, 0, 32;
    %jmp/0xz T_0.3, 5;
    %load/vec4 v0x5ca5671e99b0_0;
    %load/vec4 v0x5ca5671e9a50_0;
    %part/s 1;
    %store/vec4 v0x5ca5671e9bb0_0, 0, 1;
    %pushi/vec4 100, 0, 32;
T_0.4 %dup/vec4;
    %pushi/vec4 0, 0, 32;
    %cmp/s;
    %jmp/1xz T_0.5, 5;
    %jmp/1 T_0.5, 4;
    %pushi/vec4 1, 0, 32;
    %sub;
    %wait E_0x5ca567186190;
    %jmp T_0.4;
T_0.5 ;
    %pop/vec4 1;
    %load/vec4 v0x5ca5671e9a50_0;
    %addi 1, 0, 32;
    %store/vec4 v0x5ca5671e9a50_0, 0, 32;
    %jmp T_0.2;
T_0.3 ;
    %pushi/vec4 1, 0, 1;
    %store/vec4 v0x5ca5671e9bb0_0, 0, 1;
    %pushi/vec4 100, 0, 32;
T_0.6 %dup/vec4;
    %pushi/vec4 0, 0, 32;
    %cmp/s;
    %jmp/1xz T_0.7, 5;
    %jmp/1 T_0.7, 4;
    %pushi/vec4 1, 0, 32;
    %sub;
    %wait E_0x5ca567186190;
    %jmp T_0.6;
T_0.7 ;
    %pop/vec4 1;
    %end;
    .scope S_0x5ca5671e60a0;
T_1 ;
    %pushi/vec4 1, 0, 1;
    %store/vec4 v0x5ca5671e6d40_0, 0, 1;
    %pushi/vec4 1, 0, 1;
    %store/vec4 v0x5ca5671e6c80_0, 0, 1;
    %pushi/vec4 0, 0, 15;
    %store/vec4 v0x5ca5671e6a00_0, 0, 15;
    %pushi/vec4 0, 0, 3;
    %store/vec4 v0x5ca5671e6910_0, 0, 3;
    %pushi/vec4 0, 0, 8;
    %store/vec4 v0x5ca5671e6ae0_0, 0, 8;
    %pushi/vec4 0, 0, 1;
    %store/vec4 v0x5ca5671e6bc0_0, 0, 1;
    %pushi/vec4 0, 0, 3;
    %store/vec4 v0x5ca5671e6e00_0, 0, 3;
    %end;
    .thread T_1, $init;
    .scope S_0x5ca5671e60a0;
T_2 ;
    %wait E_0x5ca567186190;
    %load/vec4 v0x5ca5671e66a0_0;
    %assign/vec4 v0x5ca5671e6d40_0, 0;
    %load/vec4 v0x5ca5671e6d40_0;
    %assign/vec4 v0x5ca5671e6c80_0, 0;
    %jmp T_2;
    .thread T_2;
    .scope S_0x5ca5671e60a0;
T_3 ;
    %wait E_0x5ca567186190;
    %load/vec4 v0x5ca5671e6e00_0;
    %dup/vec4;
    %pushi/vec4 0, 0, 3;
    %cmp/u;
    %jmp/1 T_3.0, 6;
    %dup/vec4;
    %pushi/vec4 1, 0, 3;
    %cmp/u;
    %jmp/1 T_3.1, 6;
    %dup/vec4;
    %pushi/vec4 2, 0, 3;
    %cmp/u;
    %jmp/1 T_3.2, 6;
    %dup/vec4;
    %pushi/vec4 3, 0, 3;
    %cmp/u;
    %jmp/1 T_3.3, 6;
    %dup/vec4;
    %pushi/vec4 4, 0, 3;
    %cmp/u;
    %jmp/1 T_3.4, 6;
    %pushi/vec4 0, 0, 3;
    %assign/vec4 v0x5ca5671e6e00_0, 0;
    %jmp T_3.6;
T_3.0 ;
    %pushi/vec4 0, 0, 1;
    %assign/vec4 v0x5ca5671e6bc0_0, 0;
    %pushi/vec4 0, 0, 15;
    %assign/vec4 v0x5ca5671e6a00_0, 0;
    %pushi/vec4 0, 0, 3;
    %assign/vec4 v0x5ca5671e6910_0, 0;
    %load/vec4 v0x5ca5671e6c80_0;
    %cmpi/e 0, 0, 1;
    %jmp/0xz  T_3.7, 4;
    %pushi/vec4 1, 0, 3;
    %assign/vec4 v0x5ca5671e6e00_0, 0;
    %jmp T_3.8;
T_3.7 ;
    %pushi/vec4 0, 0, 3;
    %assign/vec4 v0x5ca5671e6e00_0, 0;
T_3.8 ;
    %jmp T_3.6;
T_3.1 ;
    %load/vec4 v0x5ca5671e6a00_0;
    %pad/u 32;
    %cmpi/e 47, 0, 32;
    %jmp/0xz  T_3.9, 4;
    %load/vec4 v0x5ca5671e6c80_0;
    %cmpi/e 0, 0, 1;
    %jmp/0xz  T_3.11, 4;
    %pushi/vec4 0, 0, 15;
    %assign/vec4 v0x5ca5671e6a00_0, 0;
    %pushi/vec4 2, 0, 3;
    %assign/vec4 v0x5ca5671e6e00_0, 0;
    %jmp T_3.12;
T_3.11 ;
    %pushi/vec4 0, 0, 3;
    %assign/vec4 v0x5ca5671e6e00_0, 0;
T_3.12 ;
    %jmp T_3.10;
T_3.9 ;
    %load/vec4 v0x5ca5671e6a00_0;
    %addi 1, 0, 15;
    %assign/vec4 v0x5ca5671e6a00_0, 0;
    %pushi/vec4 1, 0, 3;
    %assign/vec4 v0x5ca5671e6e00_0, 0;
T_3.10 ;
    %jmp T_3.6;
T_3.2 ;
    %load/vec4 v0x5ca5671e6a00_0;
    %pad/u 32;
    %cmpi/u 94, 0, 32;
    %jmp/0xz  T_3.13, 5;
    %load/vec4 v0x5ca5671e6a00_0;
    %addi 1, 0, 15;
    %assign/vec4 v0x5ca5671e6a00_0, 0;
    %pushi/vec4 2, 0, 3;
    %assign/vec4 v0x5ca5671e6e00_0, 0;
    %jmp T_3.14;
T_3.13 ;
    %pushi/vec4 0, 0, 15;
    %assign/vec4 v0x5ca5671e6a00_0, 0;
    %load/vec4 v0x5ca5671e6c80_0;
    %ix/load 5, 0, 0;
    %ix/getv 4, v0x5ca5671e6910_0;
    %assign/vec4/off/d v0x5ca5671e6ae0_0, 4, 5;
    %load/vec4 v0x5ca5671e6910_0;
    %pad/u 32;
    %cmpi/u 7, 0, 32;
    %jmp/0xz  T_3.15, 5;
    %load/vec4 v0x5ca5671e6910_0;
    %addi 1, 0, 3;
    %assign/vec4 v0x5ca5671e6910_0, 0;
    %pushi/vec4 2, 0, 3;
    %assign/vec4 v0x5ca5671e6e00_0, 0;
    %jmp T_3.16;
T_3.15 ;
    %pushi/vec4 0, 0, 3;
    %assign/vec4 v0x5ca5671e6910_0, 0;
    %pushi/vec4 3, 0, 3;
    %assign/vec4 v0x5ca5671e6e00_0, 0;
T_3.16 ;
T_3.14 ;
    %jmp T_3.6;
T_3.3 ;
    %load/vec4 v0x5ca5671e6a00_0;
    %pad/u 32;
    %cmpi/u 94, 0, 32;
    %jmp/0xz  T_3.17, 5;
    %load/vec4 v0x5ca5671e6a00_0;
    %addi 1, 0, 15;
    %assign/vec4 v0x5ca5671e6a00_0, 0;
    %pushi/vec4 3, 0, 3;
    %assign/vec4 v0x5ca5671e6e00_0, 0;
    %jmp T_3.18;
T_3.17 ;
    %pushi/vec4 1, 0, 1;
    %assign/vec4 v0x5ca5671e6bc0_0, 0;
    %pushi/vec4 0, 0, 15;
    %assign/vec4 v0x5ca5671e6a00_0, 0;
    %pushi/vec4 4, 0, 3;
    %assign/vec4 v0x5ca5671e6e00_0, 0;
T_3.18 ;
    %jmp T_3.6;
T_3.4 ;
    %pushi/vec4 0, 0, 3;
    %assign/vec4 v0x5ca5671e6e00_0, 0;
    %pushi/vec4 0, 0, 1;
    %assign/vec4 v0x5ca5671e6bc0_0, 0;
    %jmp T_3.6;
T_3.6 ;
    %pop/vec4 1;
    %jmp T_3;
    .thread T_3;
    .scope S_0x5ca56717bca0;
T_4 ;
    %wait E_0x5ca567186190;
    %load/vec4 v0x5ca5671e58a0_0;
    %nor/r;
    %flag_set/vec4 8;
    %jmp/0xz  T_4.0, 8;
    %pushi/vec4 0, 0, 4;
    %assign/vec4 v0x5ca5671e5c80_0, 0;
    %pushi/vec4 0, 0, 1;
    %assign/vec4 v0x5ca5671e5d60_0, 0;
    %jmp T_4.1;
T_4.0 ;
    %pushi/vec4 0, 0, 1;
    %assign/vec4 v0x5ca5671e5d60_0, 0;
    %load/vec4 v0x5ca5671e5bc0_0;
    %flag_set/vec4 9;
    %flag_get/vec4 9;
    %jmp/0 T_4.4, 9;
    %load/vec4 v0x5ca5671d4de0_0;
    %nor/r;
    %and;
T_4.4;
    %flag_set/vec4 8;
    %jmp/0xz  T_4.2, 8;
    %load/vec4 v0x5ca5671d4b60_0;
    %load/vec4 v0x5ca5671e5ae0_0;
    %pad/u 5;
    %ix/vec4 3;
    %ix/load 4, 0, 0; Constant delay
    %assign/vec4/a/d v0x5ca5671d5230, 0, 4;
    %load/vec4 v0x5ca5671e5c80_0;
    %addi 1, 0, 4;
    %assign/vec4 v0x5ca5671e5c80_0, 0;
    %pushi/vec4 1, 0, 1;
    %assign/vec4 v0x5ca5671e5d60_0, 0;
T_4.2 ;
T_4.1 ;
    %jmp T_4;
    .thread T_4;
    .scope S_0x5ca56717bca0;
T_5 ;
    %wait E_0x5ca567186190;
    %load/vec4 v0x5ca5671e58a0_0;
    %nor/r;
    %flag_set/vec4 8;
    %jmp/0xz  T_5.0, 8;
    %pushi/vec4 0, 0, 4;
    %assign/vec4 v0x5ca5671e5700_0, 0;
    %pushi/vec4 0, 0, 8;
    %assign/vec4 v0x5ca5671d4c40_0, 0;
    %pushi/vec4 0, 0, 1;
    %assign/vec4 v0x5ca5671e57e0_0, 0;
    %jmp T_5.1;
T_5.0 ;
    %pushi/vec4 0, 0, 1;
    %assign/vec4 v0x5ca5671e57e0_0, 0;
    %load/vec4 v0x5ca5671e5640_0;
    %flag_set/vec4 9;
    %flag_get/vec4 9;
    %jmp/0 T_5.4, 9;
    %load/vec4 v0x5ca5671d4d20_0;
    %nor/r;
    %and;
T_5.4;
    %flag_set/vec4 8;
    %jmp/0xz  T_5.2, 8;
    %load/vec4 v0x5ca5671e5560_0;
    %pad/u 5;
    %ix/vec4 4;
    %load/vec4a v0x5ca5671d5230, 4;
    %assign/vec4 v0x5ca5671d4c40_0, 0;
    %load/vec4 v0x5ca5671e5700_0;
    %addi 1, 0, 4;
    %assign/vec4 v0x5ca5671e5700_0, 0;
    %pushi/vec4 1, 0, 1;
    %assign/vec4 v0x5ca5671e57e0_0, 0;
T_5.2 ;
T_5.1 ;
    %jmp T_5;
    .thread T_5;
    .scope S_0x5ca56717bca0;
T_6 ;
    %wait E_0x5ca567186190;
    %load/vec4 v0x5ca5671e58a0_0;
    %nor/r;
    %flag_set/vec4 8;
    %jmp/0xz  T_6.0, 8;
    %pushi/vec4 0, 0, 4;
    %assign/vec4 v0x5ca5671d4a80_0, 0;
    %jmp T_6.1;
T_6.0 ;
    %load/vec4 v0x5ca5671e5bc0_0;
    %flag_set/vec4 8;
    %flag_get/vec4 8;
    %jmp/0 T_6.6, 8;
    %load/vec4 v0x5ca5671d4de0_0;
    %nor/r;
    %and;
T_6.6;
    %load/vec4 v0x5ca5671e5640_0;
    %flag_set/vec4 8;
    %flag_get/vec4 8;
    %jmp/0 T_6.7, 8;
    %load/vec4 v0x5ca5671d4d20_0;
    %nor/r;
    %and;
T_6.7;
    %concat/vec4; draw_concat_vec4
    %dup/vec4;
    %pushi/vec4 2, 0, 2;
    %cmp/u;
    %jmp/1 T_6.2, 6;
    %dup/vec4;
    %pushi/vec4 1, 0, 2;
    %cmp/u;
    %jmp/1 T_6.3, 6;
    %load/vec4 v0x5ca5671d4a80_0;
    %assign/vec4 v0x5ca5671d4a80_0, 0;
    %jmp T_6.5;
T_6.2 ;
    %load/vec4 v0x5ca5671d4a80_0;
    %addi 1, 0, 4;
    %assign/vec4 v0x5ca5671d4a80_0, 0;
    %jmp T_6.5;
T_6.3 ;
    %load/vec4 v0x5ca5671d4a80_0;
    %subi 1, 0, 4;
    %assign/vec4 v0x5ca5671d4a80_0, 0;
    %jmp T_6.5;
T_6.5 ;
    %pop/vec4 1;
T_6.1 ;
    %jmp T_6;
    .thread T_6;
    .scope S_0x5ca56717bca0;
T_7 ;
    %wait E_0x5ca567186190;
    %load/vec4 v0x5ca5671e58a0_0;
    %nor/r;
    %flag_set/vec4 8;
    %jmp/0xz  T_7.0, 8;
    %pushi/vec4 0, 0, 1;
    %assign/vec4 v0x5ca5671e5320_0, 0;
    %jmp T_7.1;
T_7.0 ;
    %load/vec4 v0x5ca5671e5bc0_0;
    %flag_set/vec4 9;
    %flag_get/vec4 9;
    %jmp/0 T_7.4, 9;
    %load/vec4 v0x5ca5671d4de0_0;
    %and;
T_7.4;
    %flag_set/vec4 8;
    %jmp/0xz  T_7.2, 8;
    %pushi/vec4 1, 0, 1;
    %assign/vec4 v0x5ca5671e5320_0, 0;
    %jmp T_7.3;
T_7.2 ;
    %pushi/vec4 0, 0, 1;
    %assign/vec4 v0x5ca5671e5320_0, 0;
T_7.3 ;
T_7.1 ;
    %jmp T_7;
    .thread T_7;
    .scope S_0x5ca56717bca0;
T_8 ;
    %wait E_0x5ca567186190;
    %load/vec4 v0x5ca5671e58a0_0;
    %nor/r;
    %flag_set/vec4 8;
    %jmp/0xz  T_8.0, 8;
    %pushi/vec4 0, 0, 1;
    %assign/vec4 v0x5ca5671e5a20_0, 0;
    %jmp T_8.1;
T_8.0 ;
    %load/vec4 v0x5ca5671e5640_0;
    %flag_set/vec4 9;
    %flag_get/vec4 9;
    %jmp/0 T_8.4, 9;
    %load/vec4 v0x5ca5671d4d20_0;
    %and;
T_8.4;
    %flag_set/vec4 8;
    %jmp/0xz  T_8.2, 8;
    %pushi/vec4 1, 0, 1;
    %assign/vec4 v0x5ca5671e5a20_0, 0;
    %jmp T_8.3;
T_8.2 ;
    %pushi/vec4 0, 0, 1;
    %assign/vec4 v0x5ca5671e5a20_0, 0;
T_8.3 ;
T_8.1 ;
    %jmp T_8;
    .thread T_8;
    .scope S_0x5ca5671e6f60;
T_9 ;
    %pushi/vec4 0, 0, 3;
    %store/vec4 v0x5ca5671e7bb0_0, 0, 3;
    %pushi/vec4 0, 0, 15;
    %store/vec4 v0x5ca5671e7ad0_0, 0, 15;
    %pushi/vec4 0, 0, 3;
    %store/vec4 v0x5ca5671e79f0_0, 0, 3;
    %pushi/vec4 0, 0, 8;
    %store/vec4 v0x5ca5671e7d50_0, 0, 8;
    %pushi/vec4 0, 0, 1;
    %store/vec4 v0x5ca5671e7e30_0, 0, 1;
    %pushi/vec4 0, 0, 1;
    %store/vec4 v0x5ca5671e7c90_0, 0, 1;
    %end;
    .thread T_9, $init;
    .scope S_0x5ca5671e6f60;
T_10 ;
    %wait E_0x5ca567186190;
    %load/vec4 v0x5ca5671e7bb0_0;
    %dup/vec4;
    %pushi/vec4 0, 0, 3;
    %cmp/u;
    %jmp/1 T_10.0, 6;
    %dup/vec4;
    %pushi/vec4 1, 0, 3;
    %cmp/u;
    %jmp/1 T_10.1, 6;
    %dup/vec4;
    %pushi/vec4 2, 0, 3;
    %cmp/u;
    %jmp/1 T_10.2, 6;
    %dup/vec4;
    %pushi/vec4 3, 0, 3;
    %cmp/u;
    %jmp/1 T_10.3, 6;
    %dup/vec4;
    %pushi/vec4 4, 0, 3;
    %cmp/u;
    %jmp/1 T_10.4, 6;
    %pushi/vec4 0, 0, 3;
    %assign/vec4 v0x5ca5671e7bb0_0, 0;
    %jmp T_10.6;
T_10.0 ;
    %pushi/vec4 1, 0, 1;
    %assign/vec4 v0x5ca5671e7950_0, 0;
    %pushi/vec4 0, 0, 1;
    %assign/vec4 v0x5ca5671e7e30_0, 0;
    %pushi/vec4 0, 0, 15;
    %assign/vec4 v0x5ca5671e7ad0_0, 0;
    %pushi/vec4 0, 0, 3;
    %assign/vec4 v0x5ca5671e79f0_0, 0;
    %load/vec4 v0x5ca5671e76c0_0;
    %cmpi/e 1, 0, 1;
    %jmp/0xz  T_10.7, 4;
    %pushi/vec4 1, 0, 1;
    %assign/vec4 v0x5ca5671e7c90_0, 0;
    %pushi/vec4 1, 0, 3;
    %assign/vec4 v0x5ca5671e7bb0_0, 0;
    %jmp T_10.8;
T_10.7 ;
    %pushi/vec4 0, 0, 3;
    %assign/vec4 v0x5ca5671e7bb0_0, 0;
T_10.8 ;
    %jmp T_10.6;
T_10.1 ;
    %pushi/vec4 0, 0, 1;
    %assign/vec4 v0x5ca5671e7950_0, 0;
    %load/vec4 v0x5ca5671e7600_0;
    %assign/vec4 v0x5ca5671e7d50_0, 0;
    %load/vec4 v0x5ca5671e7ad0_0;
    %pad/u 32;
    %cmpi/u 94, 0, 32;
    %jmp/0xz  T_10.9, 5;
    %load/vec4 v0x5ca5671e7ad0_0;
    %addi 1, 0, 15;
    %assign/vec4 v0x5ca5671e7ad0_0, 0;
    %pushi/vec4 1, 0, 3;
    %assign/vec4 v0x5ca5671e7bb0_0, 0;
    %jmp T_10.10;
T_10.9 ;
    %pushi/vec4 0, 0, 15;
    %assign/vec4 v0x5ca5671e7ad0_0, 0;
    %pushi/vec4 2, 0, 3;
    %assign/vec4 v0x5ca5671e7bb0_0, 0;
T_10.10 ;
    %jmp T_10.6;
T_10.2 ;
    %load/vec4 v0x5ca5671e7d50_0;
    %load/vec4 v0x5ca5671e79f0_0;
    %part/u 1;
    %assign/vec4 v0x5ca5671e7950_0, 0;
    %load/vec4 v0x5ca5671e7ad0_0;
    %pad/u 32;
    %cmpi/u 94, 0, 32;
    %jmp/0xz  T_10.11, 5;
    %load/vec4 v0x5ca5671e7ad0_0;
    %addi 1, 0, 15;
    %assign/vec4 v0x5ca5671e7ad0_0, 0;
    %pushi/vec4 2, 0, 3;
    %assign/vec4 v0x5ca5671e7bb0_0, 0;
    %jmp T_10.12;
T_10.11 ;
    %pushi/vec4 0, 0, 15;
    %assign/vec4 v0x5ca5671e7ad0_0, 0;
    %load/vec4 v0x5ca5671e79f0_0;
    %pad/u 32;
    %cmpi/u 7, 0, 32;
    %jmp/0xz  T_10.13, 5;
    %load/vec4 v0x5ca5671e79f0_0;
    %addi 1, 0, 3;
    %assign/vec4 v0x5ca5671e79f0_0, 0;
    %pushi/vec4 2, 0, 3;
    %assign/vec4 v0x5ca5671e7bb0_0, 0;
    %jmp T_10.14;
T_10.13 ;
    %pushi/vec4 0, 0, 3;
    %assign/vec4 v0x5ca5671e79f0_0, 0;
    %pushi/vec4 3, 0, 3;
    %assign/vec4 v0x5ca5671e7bb0_0, 0;
T_10.14 ;
T_10.12 ;
    %jmp T_10.6;
T_10.3 ;
    %pushi/vec4 1, 0, 1;
    %assign/vec4 v0x5ca5671e7950_0, 0;
    %load/vec4 v0x5ca5671e7ad0_0;
    %pad/u 32;
    %cmpi/u 94, 0, 32;
    %jmp/0xz  T_10.15, 5;
    %load/vec4 v0x5ca5671e7ad0_0;
    %addi 1, 0, 15;
    %assign/vec4 v0x5ca5671e7ad0_0, 0;
    %pushi/vec4 3, 0, 3;
    %assign/vec4 v0x5ca5671e7bb0_0, 0;
    %jmp T_10.16;
T_10.15 ;
    %pushi/vec4 1, 0, 1;
    %assign/vec4 v0x5ca5671e7e30_0, 0;
    %pushi/vec4 0, 0, 15;
    %assign/vec4 v0x5ca5671e7ad0_0, 0;
    %pushi/vec4 4, 0, 3;
    %assign/vec4 v0x5ca5671e7bb0_0, 0;
    %pushi/vec4 0, 0, 1;
    %assign/vec4 v0x5ca5671e7c90_0, 0;
T_10.16 ;
    %jmp T_10.6;
T_10.4 ;
    %pushi/vec4 0, 0, 1;
    %assign/vec4 v0x5ca5671e7e30_0, 0;
    %pushi/vec4 0, 0, 3;
    %assign/vec4 v0x5ca5671e7bb0_0, 0;
    %jmp T_10.6;
T_10.6 ;
    %pop/vec4 1;
    %jmp T_10;
    .thread T_10;
    .scope S_0x5ca56719b980;
T_11 ;
    %wait E_0x5ca567186550;
    %load/vec4 v0x5ca5671e8810_0;
    %nor/r;
    %flag_set/vec4 8;
    %jmp/0xz  T_11.0, 8;
    %pushi/vec4 0, 0, 1;
    %assign/vec4 v0x5ca5671e8a70_0, 0;
    %jmp T_11.1;
T_11.0 ;
    %load/vec4 v0x5ca5671e8c80_0;
    %pad/u 32;
    %cmpi/e 8, 0, 32;
    %flag_get/vec4 4;
    %jmp/0 T_11.4, 4;
    %load/vec4 v0x5ca5671e8a70_0;
    %pushi/vec4 0, 0, 1;
    %cmp/e;
    %flag_get/vec4 4;
    %and;
T_11.4;
    %flag_set/vec4 8;
    %jmp/0xz  T_11.2, 8;
    %pushi/vec4 1, 0, 1;
    %assign/vec4 v0x5ca5671e8a70_0, 0;
T_11.2 ;
T_11.1 ;
    %jmp T_11;
    .thread T_11;
    .scope S_0x5ca567131620;
T_12 ;
    %pushi/vec4 0, 0, 1;
    %store/vec4 v0x5ca5671e9af0_0, 0, 1;
    %end;
    .thread T_12;
    .scope S_0x5ca567131620;
T_13 ;
    %delay 5000, 0;
    %load/vec4 v0x5ca5671e9af0_0;
    %inv;
    %store/vec4 v0x5ca5671e9af0_0, 0, 1;
    %jmp T_13;
    .thread T_13;
    .scope S_0x5ca567131620;
T_14 ;
    %pushi/vec4 0, 0, 1;
    %store/vec4 v0x5ca5671e9e00_0, 0, 1;
    %pushi/vec4 1, 0, 1;
    %store/vec4 v0x5ca5671e9bb0_0, 0, 1;
    %pushi/vec4 0, 0, 1;
    %store/vec4 v0x5ca5671e9d60_0, 0, 1;
    %pushi/vec4 10, 0, 32;
T_14.0 %dup/vec4;
    %pushi/vec4 0, 0, 32;
    %cmp/s;
    %jmp/1xz T_14.1, 5;
    %jmp/1 T_14.1, 4;
    %pushi/vec4 1, 0, 32;
    %sub;
    %wait E_0x5ca567186190;
    %jmp T_14.0;
T_14.1 ;
    %pop/vec4 1;
    %pushi/vec4 1, 0, 1;
    %store/vec4 v0x5ca5671e9e00_0, 0, 1;
    %pushi/vec4 160, 0, 8;
    %store/vec4 v0x5ca5671e99b0_0, 0, 8;
    %fork TD_tb.send_byte, S_0x5ca5671e9820;
    %join;
    %pushi/vec4 176, 0, 8;
    %store/vec4 v0x5ca5671e99b0_0, 0, 8;
    %fork TD_tb.send_byte, S_0x5ca5671e9820;
    %join;
    %pushi/vec4 192, 0, 8;
    %store/vec4 v0x5ca5671e99b0_0, 0, 8;
    %fork TD_tb.send_byte, S_0x5ca5671e9820;
    %join;
    %pushi/vec4 208, 0, 8;
    %store/vec4 v0x5ca5671e99b0_0, 0, 8;
    %fork TD_tb.send_byte, S_0x5ca5671e9820;
    %join;
    %pushi/vec4 224, 0, 8;
    %store/vec4 v0x5ca5671e99b0_0, 0, 8;
    %fork TD_tb.send_byte, S_0x5ca5671e9820;
    %join;
    %pushi/vec4 240, 0, 8;
    %store/vec4 v0x5ca5671e99b0_0, 0, 8;
    %fork TD_tb.send_byte, S_0x5ca5671e9820;
    %join;
    %pushi/vec4 170, 0, 8;
    %store/vec4 v0x5ca5671e99b0_0, 0, 8;
    %fork TD_tb.send_byte, S_0x5ca5671e9820;
    %join;
    %pushi/vec4 187, 0, 8;
    %store/vec4 v0x5ca5671e99b0_0, 0, 8;
    %fork TD_tb.send_byte, S_0x5ca5671e9820;
    %join;
    %delay 200000000, 0;
    %vpi_call/w 3 54 "$finish" {0 0 0};
    %end;
    .thread T_14;
    .scope S_0x5ca567131620;
T_15 ;
    %vpi_call/w 3 79 "$dumpfile", "dump.vcd" {0 0 0};
    %vpi_call/w 3 80 "$dumpvars", 32'sb00000000000000000000000000000000, S_0x5ca567131620 {0 0 0};
    %end;
    .thread T_15;
# The file index is used to find the file name in the following table.
:file_names 8;
    "N/A";
    "<interactive>";
    "-";
    "tb.v";
    "../rtl/top.v";
    "../rtl/sync_fifo.v";
    "../rtl/uart_rx.v";
    "../rtl/uart_tx.v";
